This file contains any messages produced by compilers while
running configure, to aid debugging if configure makes a mistake.

It was created by yasm configure 1.3.0, which was
generated by GNU Autoconf 2.69.  Invocation command line was

  $ ./configure --enable-shared --prefix=/home/teamviewer/video_recording_install --host=arm-none-linux-gnueabi

## --------- ##
## Platform. ##
## --------- ##

hostname = tutor-virtual-machine
uname -m = i686
uname -r = 3.13.0-32-generic
uname -s = Linux
uname -v = #57~precise1-Ubuntu SMP Tue Jul 15 03:50:54 UTC 2014

/usr/bin/uname -p = unknown
/bin/uname -X     = unknown

/bin/arch              = unknown
/usr/bin/arch -k       = unknown
/usr/convex/getsysinfo = unknown
/usr/bin/hostinfo      = unknown
/bin/machine           = unknown
/usr/bin/oslevel       = unknown
/bin/universe          = unknown

PATH: /usr/lib/lightdm/lightdm
PATH: /usr/local/sbin
PATH: /usr/local/bin
PATH: /usr/sbin
PATH: /usr/bin
PATH: /sbin
PATH: /bin
PATH: /usr/games
PATH: /usr/local/arm/gcc-4.6.4/bin


## ----------- ##
## Core tests. ##
## ----------- ##

configure:2536: checking for a BSD-compatible install
configure:2604: result: /usr/bin/install -c
configure:2615: checking whether build environment is sane
configure:2670: result: yes
configure:2729: checking for arm-none-linux-gnueabi-strip
configure:2745: found /usr/local/arm/gcc-4.6.4/bin/arm-none-linux-gnueabi-strip
configure:2756: result: arm-none-linux-gnueabi-strip
configure:2821: checking for a thread-safe mkdir -p
configure:2860: result: /bin/mkdir -p
configure:2867: checking for gawk
configure:2883: found /usr/bin/gawk
configure:2894: result: gawk
configure:2905: checking whether make sets $(MAKE)
configure:2927: result: yes
configure:2956: checking whether make supports nested variables
configure:2973: result: yes
configure:3099: checking whether to enable maintainer-specific portions of Makefiles
configure:3108: result: no
configure:3204: checking for style of include used by make
configure:3232: result: GNU
configure:3263: checking for arm-none-linux-gnueabi-gcc
configure:3279: found /usr/local/arm/gcc-4.6.4/bin/arm-none-linux-gnueabi-gcc
configure:3290: result: arm-none-linux-gnueabi-gcc
configure:3559: checking for C compiler version
configure:3568: arm-none-linux-gnueabi-gcc --version >&5
arm-none-linux-gnueabi-gcc (crosstool-NG hg+default-2685dfa9de14 - tc0002) 4.6.4
Copyright (C) 2011 Free Software Foundation, Inc.
This is free software; see the source for copying conditions.  There is NO
warranty; not even for MERCHANTABILITY or FITNESS FOR A PARTICULAR PURPOSE.

configure:3579: $? = 0
configure:3568: arm-none-linux-gnueabi-gcc -v >&5
Using built-in specs.
COLLECT_GCC=arm-none-linux-gnueabi-gcc
COLLECT_LTO_WRAPPER=/usr/local/arm/gcc-4.6.4/bin/../libexec/gcc/arm-arm1176jzfssf-linux-gnueabi/4.6.4/lto-wrapper
Target: arm-arm1176jzfssf-linux-gnueabi
Configured with: /work/builddir/src/gcc-4.6.4/configure --build=i686-build_pc-linux-gnu --host=i686-build_pc-linux-gnu --target=arm-arm1176jzfssf-linux-gnueabi --prefix=/opt/TuxamitoSoftToolchains/arm-arm1176jzfssf-linux-gnueabi/gcc-4.6.4 --with-sysroot=/opt/TuxamitoSoftToolchains/arm-arm1176jzfssf-linux-gnueabi/gcc-4.6.4/arm-arm1176jzfssf-linux-gnueabi/sysroot --enable-languages=c,c++ --with-arch=armv6zk --with-cpu=arm1176jzf-s --with-tune=arm1176jzf-s --with-fpu=vfp --with-float=softfp --with-pkgversion='crosstool-NG hg+default-2685dfa9de14 - tc0002' --disable-sjlj-exceptions --enable-__cxa_atexit --disable-libmudflap --disable-libgomp --disable-libssp --disable-libquadmath --disable-libquadmath-support --with-gmp=/work/builddir/arm-arm1176jzfssf-linux-gnueabi/buildtools --with-mpfr=/work/builddir/arm-arm1176jzfssf-linux-gnueabi/buildtools --with-mpc=/work/builddir/arm-arm1176jzfssf-linux-gnueabi/buildtools --with-ppl=/work/builddir/arm-arm1176jzfssf-linux-gnueabi/buildtools --with-cloog=/work/builddir/arm-arm1176jzfssf-linux-gnueabi/buildtools --with-libelf=/work/builddir/arm-arm1176jzfssf-linux-gnueabi/buildtools --with-host-libstdcxx='-static-libgcc -Wl,-Bstatic,-lstdc++,-Bdynamic -lm' --enable-threads=posix --enable-target-optspace --without-long-double-128 --disable-nls --disable-multilib --with-local-prefix=/opt/TuxamitoSoftToolchains/arm-arm1176jzfssf-linux-gnueabi/gcc-4.6.4/arm-arm1176jzfssf-linux-gnueabi/sysroot --enable-c99 --enable-long-long
Thread model: posix
gcc version 4.6.4 (crosstool-NG hg+default-2685dfa9de14 - tc0002) 
configure:3579: $? = 0
configure:3568: arm-none-linux-gnueabi-gcc -V >&5
arm-none-linux-gnueabi-gcc: error: unrecognized option '-V'
arm-none-linux-gnueabi-gcc: fatal error: no input files
compilation terminated.
configure:3579: $? = 1
configure:3568: arm-none-linux-gnueabi-gcc -qversion >&5
arm-none-linux-gnueabi-gcc: error: unrecognized option '-qversion'
arm-none-linux-gnueabi-gcc: fatal error: no input files
compilation terminated.
configure:3579: $? = 1
configure:3599: checking whether the C compiler works
configure:3621: arm-none-linux-gnueabi-gcc    conftest.c  >&5
configure:3625: $? = 0
configure:3673: result: yes
configure:3676: checking for C compiler default output file name
configure:3678: result: a.out
configure:3684: checking for suffix of executables
configure:3691: arm-none-linux-gnueabi-gcc -o conftest    conftest.c  >&5
configure:3695: $? = 0
configure:3717: result: 
configure:3739: checking whether we are cross compiling
configure:3747: arm-none-linux-gnueabi-gcc -o conftest    conftest.c  >&5
configure:3751: $? = 0
configure:3758: ./conftest
./configure: line 3760: ./conftest: cannot execute binary file
configure:3762: $? = 126
configure:3777: result: yes
configure:3782: checking for suffix of object files
configure:3804: arm-none-linux-gnueabi-gcc -c   conftest.c >&5
configure:3808: $? = 0
configure:3829: result: o
configure:3833: checking whether we are using the GNU C compiler
configure:3852: arm-none-linux-gnueabi-gcc -c   conftest.c >&5
configure:3852: $? = 0
configure:3861: result: yes
configure:3870: checking whether arm-none-linux-gnueabi-gcc accepts -g
configure:3890: arm-none-linux-gnueabi-gcc -c -g  conftest.c >&5
configure:3890: $? = 0
configure:3931: result: yes
configure:3948: checking for arm-none-linux-gnueabi-gcc option to accept ISO C89
configure:4011: arm-none-linux-gnueabi-gcc  -c -g -O2  conftest.c >&5
configure:4011: $? = 0
configure:4024: result: none needed
configure:4049: checking whether arm-none-linux-gnueabi-gcc understands -c and -o together
configure:4071: arm-none-linux-gnueabi-gcc -c conftest.c -o conftest2.o
configure:4074: $? = 0
configure:4071: arm-none-linux-gnueabi-gcc -c conftest.c -o conftest2.o
configure:4074: $? = 0
configure:4086: result: yes
configure:4105: checking dependency style of arm-none-linux-gnueabi-gcc
configure:4216: result: gcc3
configure:4236: checking how to run the C preprocessor
configure:4267: arm-none-linux-gnueabi-gcc -E  conftest.c
configure:4267: $? = 0
configure:4281: arm-none-linux-gnueabi-gcc -E  conftest.c
conftest.c:11:28: fatal error: ac_nonexistent.h: No such file or directory
compilation terminated.
configure:4281: $? = 1
configure: failed program was:
| /* confdefs.h */
| #define PACKAGE_NAME "yasm"
| #define PACKAGE_TARNAME "yasm"
| #define PACKAGE_VERSION "1.3.0"
| #define PACKAGE_STRING "yasm 1.3.0"
| #define PACKAGE_BUGREPORT "bug-yasm@tortall.net"
| #define PACKAGE_URL ""
| #define PACKAGE "yasm"
| #define VERSION "1.3.0"
| /* end confdefs.h.  */
| #include <ac_nonexistent.h>
configure:4306: result: arm-none-linux-gnueabi-gcc -E
configure:4326: arm-none-linux-gnueabi-gcc -E  conftest.c
configure:4326: $? = 0
configure:4340: arm-none-linux-gnueabi-gcc -E  conftest.c
conftest.c:11:28: fatal error: ac_nonexistent.h: No such file or directory
compilation terminated.
configure:4340: $? = 1
configure: failed program was:
| /* confdefs.h */
| #define PACKAGE_NAME "yasm"
| #define PACKAGE_TARNAME "yasm"
| #define PACKAGE_VERSION "1.3.0"
| #define PACKAGE_STRING "yasm 1.3.0"
| #define PACKAGE_BUGREPORT "bug-yasm@tortall.net"
| #define PACKAGE_URL ""
| #define PACKAGE "yasm"
| #define VERSION "1.3.0"
| /* end confdefs.h.  */
| #include <ac_nonexistent.h>
configure:4372: checking for arm-none-linux-gnueabi-gcc option to accept ISO C99
configure:4521: arm-none-linux-gnueabi-gcc  -c -g -O2  conftest.c >&5
conftest.c:61:29: error: expected ';', ',' or ')' before 'text'
conftest.c: In function 'main':
conftest.c:115:18: error: expected '=', ',', ';', 'asm' or '__attribute__' before 'newvar'
conftest.c:115:18: error: 'newvar' undeclared (first use in this function)
conftest.c:115:18: note: each undeclared identifier is reported only once for each function it appears in
conftest.c:125:3: error: 'for' loop initial declarations are only allowed in C99 mode
conftest.c:125:3: note: use option -std=c99 or -std=gnu99 to compile your code
configure:4521: $? = 1
configure: failed program was:
| /* confdefs.h */
| #define PACKAGE_NAME "yasm"
| #define PACKAGE_TARNAME "yasm"
| #define PACKAGE_VERSION "1.3.0"
| #define PACKAGE_STRING "yasm 1.3.0"
| #define PACKAGE_BUGREPORT "bug-yasm@tortall.net"
| #define PACKAGE_URL ""
| #define PACKAGE "yasm"
| #define VERSION "1.3.0"
| /* end confdefs.h.  */
| #include <stdarg.h>
| #include <stdbool.h>
| #include <stdlib.h>
| #include <wchar.h>
| #include <stdio.h>
| 
| // Check varargs macros.  These examples are taken from C99 6.10.3.5.
| #define debug(...) fprintf (stderr, __VA_ARGS__)
| #define showlist(...) puts (#__VA_ARGS__)
| #define report(test,...) ((test) ? puts (#test) : printf (__VA_ARGS__))
| static void
| test_varargs_macros (void)
| {
|   int x = 1234;
|   int y = 5678;
|   debug ("Flag");
|   debug ("X = %d\n", x);
|   showlist (The first, second, and third items.);
|   report (x>y, "x is %d but y is %d", x, y);
| }
| 
| // Check long long types.
| #define BIG64 18446744073709551615ull
| #define BIG32 4294967295ul
| #define BIG_OK (BIG64 / BIG32 == 4294967297ull && BIG64 % BIG32 == 0)
| #if !BIG_OK
|   your preprocessor is broken;
| #endif
| #if BIG_OK
| #else
|   your preprocessor is broken;
| #endif
| static long long int bignum = -9223372036854775807LL;
| static unsigned long long int ubignum = BIG64;
| 
| struct incomplete_array
| {
|   int datasize;
|   double data[];
| };
| 
| struct named_init {
|   int number;
|   const wchar_t *name;
|   double average;
| };
| 
| typedef const char *ccp;
| 
| static inline int
| test_restrict (ccp restrict text)
| {
|   // See if C++-style comments work.
|   // Iterate through items via the restricted pointer.
|   // Also check for declarations in for loops.
|   for (unsigned int i = 0; *(text+i) != '\0'; ++i)
|     continue;
|   return 0;
| }
| 
| // Check varargs and va_copy.
| static void
| test_varargs (const char *format, ...)
| {
|   va_list args;
|   va_start (args, format);
|   va_list args_copy;
|   va_copy (args_copy, args);
| 
|   const char *str;
|   int number;
|   float fnumber;
| 
|   while (*format)
|     {
|       switch (*format++)
| 	{
| 	case 's': // string
| 	  str = va_arg (args_copy, const char *);
| 	  break;
| 	case 'd': // int
| 	  number = va_arg (args_copy, int);
| 	  break;
| 	case 'f': // float
| 	  fnumber = va_arg (args_copy, double);
| 	  break;
| 	default:
| 	  break;
| 	}
|     }
|   va_end (args_copy);
|   va_end (args);
| }
| 
| int
| main ()
| {
| 
|   // Check bool.
|   _Bool success = false;
| 
|   // Check restrict.
|   if (test_restrict ("String literal") == 0)
|     success = true;
|   char *restrict newvar = "Another string";
| 
|   // Check varargs.
|   test_varargs ("s, d' f .", "string", 65, 34.234);
|   test_varargs_macros ();
| 
|   // Check flexible array members.
|   struct incomplete_array *ia =
|     malloc (sizeof (struct incomplete_array) + (sizeof (double) * 10));
|   ia->datasize = 10;
|   for (int i = 0; i < ia->datasize; ++i)
|     ia->data[i] = i * 1.234;
| 
|   // Check named initializers.
|   struct named_init ni = {
|     .number = 34,
|     .name = L"Test wide string",
|     .average = 543.34343,
|   };
| 
|   ni.number = 58;
| 
|   int dynamic_array[ni.number];
|   dynamic_array[ni.number - 1] = 543;
| 
|   // work around unused variable warnings
|   return (!success || bignum == 0LL || ubignum == 0uLL || newvar[0] == 'x'
| 	  || dynamic_array[ni.number - 1] != 543);
| 
|   ;
|   return 0;
| }
configure:4521: arm-none-linux-gnueabi-gcc -std=gnu99 -c -g -O2  conftest.c >&5
configure:4521: $? = 0
configure:4541: result: -std=gnu99
configure:4642: checking for arm-none-linux-gnueabi-gcc -std=gnu99 option to accept ISO Standard C
configure:4656: result: -std=gnu99
configure:4661: checking whether ln -s works
configure:4665: result: yes
configure:4678: checking for arm-none-linux-gnueabi-ar
configure:4694: found /usr/local/arm/gcc-4.6.4/bin/arm-none-linux-gnueabi-ar
configure:4705: result: arm-none-linux-gnueabi-ar
configure:4776: checking for arm-none-linux-gnueabi-ranlib
configure:4792: found /usr/local/arm/gcc-4.6.4/bin/arm-none-linux-gnueabi-ranlib
configure:4803: result: arm-none-linux-gnueabi-ranlib
configure:4876: checking for xmlto
configure:4892: found /usr/bin/xmlto
configure:4903: result: xmlto
configure:4935: checking if malloc debugging is wanted
configure:4953: result: no
configure:4964: checking for grep that handles long lines and -e
configure:5022: result: /bin/grep
configure:5027: checking for egrep
configure:5089: result: /bin/grep -E
configure:5094: checking for ANSI C header files
configure:5114: arm-none-linux-gnueabi-gcc -std=gnu99 -c -g -O2  conftest.c >&5

## ---------------- ##
## Cache variables. ##
## ---------------- ##

ac_cv_c_compiler_gnu=yes
ac_cv_env_CCLD_FOR_BUILD_set=
ac_cv_env_CCLD_FOR_BUILD_value=
ac_cv_env_CC_FOR_BUILD_set=
ac_cv_env_CC_FOR_BUILD_value=
ac_cv_env_CC_set=
ac_cv_env_CC_value=
ac_cv_env_CFLAGS_set=
ac_cv_env_CFLAGS_value=
ac_cv_env_CPPFLAGS_set=
ac_cv_env_CPPFLAGS_value=
ac_cv_env_CPP_FOR_HOST_set=
ac_cv_env_CPP_FOR_HOST_value=
ac_cv_env_CPP_set=
ac_cv_env_CPP_value=
ac_cv_env_LDFLAGS_set=
ac_cv_env_LDFLAGS_value=
ac_cv_env_LIBS_set=
ac_cv_env_LIBS_value=
ac_cv_env_PYTHON_set=
ac_cv_env_PYTHON_value=
ac_cv_env_build_alias_set=
ac_cv_env_build_alias_value=
ac_cv_env_host_alias_set=set
ac_cv_env_host_alias_value=arm-none-linux-gnueabi
ac_cv_env_target_alias_set=
ac_cv_env_target_alias_value=
ac_cv_objext=o
ac_cv_path_EGREP='/bin/grep -E'
ac_cv_path_GREP=/bin/grep
ac_cv_path_install='/usr/bin/install -c'
ac_cv_path_mkdir=/bin/mkdir
ac_cv_prog_AR=arm-none-linux-gnueabi-ar
ac_cv_prog_AWK=gawk
ac_cv_prog_CC=arm-none-linux-gnueabi-gcc
ac_cv_prog_CPP='arm-none-linux-gnueabi-gcc -E'
ac_cv_prog_RANLIB=arm-none-linux-gnueabi-ranlib
ac_cv_prog_STRIP=arm-none-linux-gnueabi-strip
ac_cv_prog_XMLTO=xmlto
ac_cv_prog_cc_c89=
ac_cv_prog_cc_c99=-std=gnu99
ac_cv_prog_cc_g=yes
ac_cv_prog_cc_stdc=-std=gnu99
ac_cv_prog_make_make_set=yes
am_cv_CC_dependencies_compiler_type=gcc3
am_cv_make_support_nested_variables=yes
am_cv_prog_cc_c_o=yes

## ----------------- ##
## Output variables. ##
## ----------------- ##

ACLOCAL='${SHELL} /home/teamviewer/mydatadisk/webServer/video-recording/yasm-1.3.0/config/missing aclocal-1.14'
AMDEPBACKSLASH='\'
AMDEP_FALSE='#'
AMDEP_TRUE=''
AMTAR='$${TAR-tar}'
AM_BACKSLASH='\'
AM_DEFAULT_V='$(AM_DEFAULT_VERBOSITY)'
AM_DEFAULT_VERBOSITY='1'
AM_V='$(V)'
AR='arm-none-linux-gnueabi-ar'
ARCH='arm'
AUTOCONF='${SHELL} /home/teamviewer/mydatadisk/webServer/video-recording/yasm-1.3.0/config/missing autoconf'
AUTOHEADER='${SHELL} /home/teamviewer/mydatadisk/webServer/video-recording/yasm-1.3.0/config/missing autoheader'
AUTOMAKE='${SHELL} /home/teamviewer/mydatadisk/webServer/video-recording/yasm-1.3.0/config/missing automake-1.14'
AWK='gawk'
BUILD_MAN_FALSE='#'
BUILD_MAN_TRUE=''
CC='arm-none-linux-gnueabi-gcc -std=gnu99'
CCDEPMODE='depmode=gcc3'
CCLD_FOR_BUILD=''
CC_FOR_BUILD=''
CFLAGS='-g -O2'
CPP='arm-none-linux-gnueabi-gcc -E'
CPPFLAGS=''
CPP_FOR_HOST=''
CYGPATH_W='echo'
DEFS=''
DEPDIR='.deps'
ECHO_C=''
ECHO_N='-n'
ECHO_T=''
EGREP='/bin/grep -E'
EXEEXT=''
GCC='yes'
GETTEXT_MACRO_VERSION=''
GMSGFMT=''
GMSGFMT_015=''
GREP='/bin/grep'
HAVE_PYTHON_BINDINGS_FALSE=''
HAVE_PYTHON_BINDINGS_TRUE=''
HAVE_PYTHON_FALSE=''
HAVE_PYTHON_TRUE=''
INSTALL_DATA='${INSTALL} -m 644'
INSTALL_PROGRAM='${INSTALL}'
INSTALL_SCRIPT='${INSTALL}'
INSTALL_STRIP_PROGRAM='$(install_sh) -c -s'
INTLLIBS=''
INTL_MACOSX_LIBS=''
LDFLAGS=''
LIBICONV=''
LIBINTL=''
LIBOBJS=''
LIBS=''
LN_S='ln -s'
LTLIBICONV=''
LTLIBINTL=''
LTLIBOBJS=''
MAINT='#'
MAINTAINER_MODE_FALSE=''
MAINTAINER_MODE_TRUE='#'
MAKEINFO='${SHELL} /home/teamviewer/mydatadisk/webServer/video-recording/yasm-1.3.0/config/missing makeinfo'
MKDIR_P='/bin/mkdir -p'
MORE_CFLAGS=''
MSGFMT=''
MSGFMT_015=''
MSGMERGE=''
OBJEXT='o'
PACKAGE='yasm'
PACKAGE_BUGREPORT='bug-yasm@tortall.net'
PACKAGE_NAME='yasm'
PACKAGE_STRING='yasm 1.3.0'
PACKAGE_TARNAME='yasm'
PACKAGE_URL=''
PACKAGE_VERSION='1.3.0'
PATH_SEPARATOR=':'
POSUB=''
PYTHON=''
PYTHON_EXEC_PREFIX=''
PYTHON_INCLUDES=''
PYTHON_PLATFORM=''
PYTHON_PREFIX=''
PYTHON_VERSION=''
RANLIB='arm-none-linux-gnueabi-ranlib'
SED=''
SET_MAKE=''
SHELL='/bin/bash'
STRIP='arm-none-linux-gnueabi-strip'
USE_NLS=''
VERSION='1.3.0'
XGETTEXT=''
XGETTEXT_015=''
XGETTEXT_EXTRA_OPTIONS=''
XMLTO='xmlto'
ac_ct_AR=''
ac_ct_CC=''
am__EXEEXT_FALSE=''
am__EXEEXT_TRUE=''
am__fastdepCC_FALSE='#'
am__fastdepCC_TRUE=''
am__include='include'
am__isrc=''
am__leading_dot='.'
am__nodep='_no'
am__quote=''
am__tar='$${TAR-tar} chof - "$$tardir"'
am__untar='$${TAR-tar} xf -'
bindir='${exec_prefix}/bin'
build=''
build_alias=''
build_cpu=''
build_os=''
build_vendor=''
datadir='${datarootdir}'
datarootdir='${prefix}/share'
docdir='${datarootdir}/doc/${PACKAGE_TARNAME}'
dvidir='${docdir}'
exec_prefix='NONE'
host='arm-none-linux-gnueabi'
host_alias='arm-none-linux-gnueabi'
host_cpu=''
host_os=''
host_vendor=''
htmldir='${docdir}'
includedir='${prefix}/include'
infodir='${datarootdir}/info'
install_sh='${SHELL} /home/teamviewer/mydatadisk/webServer/video-recording/yasm-1.3.0/config/install-sh'
libdir='${exec_prefix}/lib'
libexecdir='${exec_prefix}/libexec'
localedir='${datarootdir}/locale'
localstatedir='${prefix}/var'
mandir='${datarootdir}/man'
mkdir_p='$(MKDIR_P)'
oldincludedir='/usr/include'
pdfdir='${docdir}'
pkgpyexecdir=''
pkgpythondir=''
prefix='/home/teamviewer/video_recording_install'
program_transform_name='s,x,x,'
psdir='${docdir}'
pyexecdir=''
pythondir=''
sbindir='${exec_prefix}/sbin'
sharedstatedir='${prefix}/com'
sysconfdir='${prefix}/etc'
target_alias=''

## ----------- ##
## confdefs.h. ##
## ----------- ##

/* confdefs.h */
#define PACKAGE_NAME "yasm"
#define PACKAGE_TARNAME "yasm"
#define PACKAGE_VERSION "1.3.0"
#define PACKAGE_STRING "yasm 1.3.0"
#define PACKAGE_BUGREPORT "bug-yasm@tortall.net"
#define PACKAGE_URL ""
#define PACKAGE "yasm"
#define VERSION "1.3.0"

configure: caught signal 2
configure: exit 1
