This file contains any messages produced by compilers while
running configure, to aid debugging if configure makes a mistake.

It was created by XviD configure 1.1.3, which was
generated by GNU Autoconf 2.59.  Invocation command line was

  $ ./configure --enable-shared --prefix=/home/teamviewer/video_recording_install --host=arm-none-linux-gnueabi

## --------- ##
## Platform. ##
## --------- ##

hostname = tutor-virtual-machine
uname -m = i686
uname -r = 3.13.0-32-generic
uname -s = Linux
uname -v = #57~precise1-Ubuntu SMP Tue Jul 15 03:50:54 UTC 2014

/usr/bin/uname -p = unknown
/bin/uname -X     = unknown

/bin/arch              = unknown
/usr/bin/arch -k       = unknown
/usr/convex/getsysinfo = unknown
hostinfo               = unknown
/bin/machine           = unknown
/usr/bin/oslevel       = unknown
/bin/universe          = unknown

PATH: /usr/lib/lightdm/lightdm
PATH: /usr/local/sbin
PATH: /usr/local/bin
PATH: /usr/sbin
PATH: /usr/bin
PATH: /sbin
PATH: /bin
PATH: /usr/games
PATH: /usr/local/arm/gcc-4.6.4/bin


## ----------- ##
## Core tests. ##
## ----------- ##

configure:1420: checking build system type
configure:1438: result: i686-pc-linux-gnu
configure:1446: checking host system type
configure:1460: result: arm-none-linux-gnueabi
configure:1468: checking target system type
configure:1482: result: arm-none-linux-gnueabi
configure:1498: checking whether to use default CFLAGS
configure:1502: result: yes
configure:1518: checking for arm-none-linux-gnueabi-gcc
configure:1534: found /usr/local/arm/gcc-4.6.4/bin/arm-none-linux-gnueabi-gcc
configure:1544: result: arm-none-linux-gnueabi-gcc
configure:1826: checking for C compiler version
configure:1829: arm-none-linux-gnueabi-gcc --version </dev/null >&5
arm-none-linux-gnueabi-gcc (crosstool-NG hg+default-2685dfa9de14 - tc0002) 4.6.4
Copyright (C) 2011 Free Software Foundation, Inc.
This is free software; see the source for copying conditions.  There is NO
warranty; not even for MERCHANTABILITY or FITNESS FOR A PARTICULAR PURPOSE.

configure:1832: $? = 0
configure:1834: arm-none-linux-gnueabi-gcc -v </dev/null >&5
Using built-in specs.
COLLECT_GCC=arm-none-linux-gnueabi-gcc
COLLECT_LTO_WRAPPER=/usr/local/arm/gcc-4.6.4/bin/../libexec/gcc/arm-arm1176jzfssf-linux-gnueabi/4.6.4/lto-wrapper
Target: arm-arm1176jzfssf-linux-gnueabi
Configured with: /work/builddir/src/gcc-4.6.4/configure --build=i686-build_pc-linux-gnu --host=i686-build_pc-linux-gnu --target=arm-arm1176jzfssf-linux-gnueabi --prefix=/opt/TuxamitoSoftToolchains/arm-arm1176jzfssf-linux-gnueabi/gcc-4.6.4 --with-sysroot=/opt/TuxamitoSoftToolchains/arm-arm1176jzfssf-linux-gnueabi/gcc-4.6.4/arm-arm1176jzfssf-linux-gnueabi/sysroot --enable-languages=c,c++ --with-arch=armv6zk --with-cpu=arm1176jzf-s --with-tune=arm1176jzf-s --with-fpu=vfp --with-float=softfp --with-pkgversion='crosstool-NG hg+default-2685dfa9de14 - tc0002' --disable-sjlj-exceptions --enable-__cxa_atexit --disable-libmudflap --disable-libgomp --disable-libssp --disable-libquadmath --disable-libquadmath-support --with-gmp=/work/builddir/arm-arm1176jzfssf-linux-gnueabi/buildtools --with-mpfr=/work/builddir/arm-arm1176jzfssf-linux-gnueabi/buildtools --with-mpc=/work/builddir/arm-arm1176jzfssf-linux-gnueabi/buildtools --with-ppl=/work/builddir/arm-arm1176jzfssf-linux-gnueabi/buildtools --with-cloog=/work/builddir/arm-arm1176jzfssf-linux-gnueabi/buildtools --with-libelf=/work/builddir/arm-arm1176jzfssf-linux-gnueabi/buildtools --with-host-libstdcxx='-static-libgcc -Wl,-Bstatic,-lstdc++,-Bdynamic -lm' --enable-threads=posix --enable-target-optspace --without-long-double-128 --disable-nls --disable-multilib --with-local-prefix=/opt/TuxamitoSoftToolchains/arm-arm1176jzfssf-linux-gnueabi/gcc-4.6.4/arm-arm1176jzfssf-linux-gnueabi/sysroot --enable-c99 --enable-long-long
Thread model: posix
gcc version 4.6.4 (crosstool-NG hg+default-2685dfa9de14 - tc0002) 
configure:1837: $? = 0
configure:1839: arm-none-linux-gnueabi-gcc -V </dev/null >&5
arm-none-linux-gnueabi-gcc: error: unrecognized option '-V'
arm-none-linux-gnueabi-gcc: fatal error: no input files
compilation terminated.
configure:1842: $? = 1
configure:1865: checking for C compiler default output file name
configure:1868: arm-none-linux-gnueabi-gcc    conftest.c  >&5
configure:1871: $? = 0
configure:1917: result: a.out
configure:1922: checking whether the C compiler works
configure:1928: ./a.out
./configure: line 1929: ./a.out: cannot execute binary file
configure:1931: $? = 126
configure:1948: result: yes
configure:1955: checking whether we are cross compiling
configure:1957: result: yes
configure:1960: checking for suffix of executables
configure:1962: arm-none-linux-gnueabi-gcc -o conftest    conftest.c  >&5
configure:1965: $? = 0
configure:1990: result: 
configure:1996: checking for suffix of object files
configure:2017: arm-none-linux-gnueabi-gcc -c   conftest.c >&5
configure:2020: $? = 0
configure:2042: result: o
configure:2046: checking whether we are using the GNU C compiler
configure:2070: arm-none-linux-gnueabi-gcc -c   conftest.c >&5
configure:2076: $? = 0
configure:2079: test -z 			 || test ! -s conftest.err
configure:2082: $? = 0
configure:2085: test -s conftest.o
configure:2088: $? = 0
configure:2101: result: yes
configure:2107: checking whether arm-none-linux-gnueabi-gcc accepts -g
configure:2128: arm-none-linux-gnueabi-gcc -c -g  conftest.c >&5
configure:2134: $? = 0
configure:2137: test -z 			 || test ! -s conftest.err
configure:2140: $? = 0
configure:2143: test -s conftest.o
configure:2146: $? = 0
configure:2157: result: yes
configure:2174: checking for arm-none-linux-gnueabi-gcc option to accept ANSI C
configure:2244: arm-none-linux-gnueabi-gcc  -c -g -O2  conftest.c >&5
configure:2250: $? = 0
configure:2253: test -z 			 || test ! -s conftest.err
configure:2256: $? = 0
configure:2259: test -s conftest.o
configure:2262: $? = 0
configure:2280: result: none needed
configure:2298: arm-none-linux-gnueabi-gcc -c -g -O2  conftest.c >&5
conftest.c:2:3: error: unknown type name 'choke'
conftest.c:2:3: error: expected '=', ',', ';', 'asm' or '__attribute__' at end of input
configure:2304: $? = 1
configure: failed program was:
| #ifndef __cplusplus
|   choke me
| #endif
configure:2449: checking for a BSD-compatible install
configure:2504: result: /usr/bin/install -c
configure:2520: checking for arm-none-linux-gnueabi-ranlib
configure:2536: found /usr/local/bin/arm-none-linux-gnueabi-ranlib
configure:2546: result: arm-none-linux-gnueabi-ranlib
configure:2602: checking for whether to use assembly code
configure:2605: result: yes
configure:2607: checking for architecture type
configure:2631: result: arm
configure:2650: checking how to run the C preprocessor
configure:2685: arm-none-linux-gnueabi-gcc -E  conftest.c
configure:2691: $? = 0
configure:2723: arm-none-linux-gnueabi-gcc -E  conftest.c
conftest.c:9:28: fatal error: ac_nonexistent.h: No such file or directory
compilation terminated.
configure:2729: $? = 1
configure: failed program was:
| /* confdefs.h.  */
| 
| #define PACKAGE_NAME "XviD"
| #define PACKAGE_TARNAME "xvid"
| #define PACKAGE_VERSION "1.1.3"
| #define PACKAGE_STRING "XviD 1.1.3"
| #define PACKAGE_BUGREPORT "xvid-devel@xvid.org"
| /* end confdefs.h.  */
| #include <ac_nonexistent.h>
configure:2768: result: arm-none-linux-gnueabi-gcc -E
configure:2792: arm-none-linux-gnueabi-gcc -E  conftest.c
configure:2798: $? = 0
configure:2830: arm-none-linux-gnueabi-gcc -E  conftest.c
conftest.c:9:28: fatal error: ac_nonexistent.h: No such file or directory
compilation terminated.
configure:2836: $? = 1
configure: failed program was:
| /* confdefs.h.  */
| 
| #define PACKAGE_NAME "XviD"
| #define PACKAGE_TARNAME "xvid"
| #define PACKAGE_VERSION "1.1.3"
| #define PACKAGE_STRING "XviD 1.1.3"
| #define PACKAGE_BUGREPORT "xvid-devel@xvid.org"
| /* end confdefs.h.  */
| #include <ac_nonexistent.h>
configure:2880: checking for egrep
configure:2890: result: grep -E
configure:2895: checking for ANSI C header files
configure:2920: arm-none-linux-gnueabi-gcc -c -g -O2  conftest.c >&5
configure:2926: $? = 0
configure:2929: test -z 			 || test ! -s conftest.err
configure:2932: $? = 0
configure:2935: test -s conftest.o
configure:2938: $? = 0
configure:3050: result: yes
configure:3074: checking for sys/types.h
configure:3090: arm-none-linux-gnueabi-gcc -c -g -O2  conftest.c >&5
configure:3096: $? = 0
configure:3099: test -z 			 || test ! -s conftest.err
configure:3102: $? = 0
configure:3105: test -s conftest.o
configure:3108: $? = 0
configure:3119: result: yes
configure:3074: checking for sys/stat.h
configure:3090: arm-none-linux-gnueabi-gcc -c -g -O2  conftest.c >&5
configure:3096: $? = 0
configure:3099: test -z 			 || test ! -s conftest.err
configure:3102: $? = 0
configure:3105: test -s conftest.o
configure:3108: $? = 0
configure:3119: result: yes
configure:3074: checking for stdlib.h
configure:3090: arm-none-linux-gnueabi-gcc -c -g -O2  conftest.c >&5
configure:3096: $? = 0
configure:3099: test -z 			 || test ! -s conftest.err
configure:3102: $? = 0
configure:3105: test -s conftest.o
configure:3108: $? = 0
configure:3119: result: yes
configure:3074: checking for string.h
configure:3090: arm-none-linux-gnueabi-gcc -c -g -O2  conftest.c >&5
configure:3096: $? = 0
configure:3099: test -z 			 || test ! -s conftest.err
configure:3102: $? = 0
configure:3105: test -s conftest.o
configure:3108: $? = 0
configure:3119: result: yes
configure:3074: checking for memory.h
configure:3090: arm-none-linux-gnueabi-gcc -c -g -O2  conftest.c >&5
configure:3096: $? = 0
configure:3099: test -z 			 || test ! -s conftest.err
configure:3102: $? = 0
configure:3105: test -s conftest.o
configure:3108: $? = 0
configure:3119: result: yes
configure:3074: checking for strings.h
configure:3090: arm-none-linux-gnueabi-gcc -c -g -O2  conftest.c >&5
configure:3096: $? = 0
configure:3099: test -z 			 || test ! -s conftest.err
configure:3102: $? = 0
configure:3105: test -s conftest.o
configure:3108: $? = 0
configure:3119: result: yes
configure:3074: checking for inttypes.h
configure:3090: arm-none-linux-gnueabi-gcc -c -g -O2  conftest.c >&5
configure:3096: $? = 0
configure:3099: test -z 			 || test ! -s conftest.err
configure:3102: $? = 0
configure:3105: test -s conftest.o
configure:3108: $? = 0
configure:3119: result: yes
configure:3074: checking for stdint.h
configure:3090: arm-none-linux-gnueabi-gcc -c -g -O2  conftest.c >&5
configure:3096: $? = 0
configure:3099: test -z 			 || test ! -s conftest.err
configure:3102: $? = 0
configure:3105: test -s conftest.o
configure:3108: $? = 0
configure:3119: result: yes
configure:3074: checking for unistd.h
configure:3090: arm-none-linux-gnueabi-gcc -c -g -O2  conftest.c >&5
configure:3096: $? = 0
configure:3099: test -z 			 || test ! -s conftest.err
configure:3102: $? = 0
configure:3105: test -s conftest.o
configure:3108: $? = 0
configure:3119: result: yes
configure:3131: checking for int *
configure:3155: arm-none-linux-gnueabi-gcc -c -g -O2  conftest.c >&5
configure:3161: $? = 0
configure:3164: test -z 			 || test ! -s conftest.err
configure:3167: $? = 0
configure:3170: test -s conftest.o
configure:3173: $? = 0
configure:3184: result: yes
configure:3187: checking size of int *
configure:3217: arm-none-linux-gnueabi-gcc -c -g -O2  conftest.c >&5
configure:3223: $? = 0
configure:3226: test -z 			 || test ! -s conftest.err
configure:3229: $? = 0
configure:3232: test -s conftest.o
configure:3235: $? = 0
configure:3257: arm-none-linux-gnueabi-gcc -c -g -O2  conftest.c >&5
conftest.c: In function 'main':
conftest.c:56:12: error: size of array 'test_array' is negative
configure:3263: $? = 1
configure: failed program was:
| /* confdefs.h.  */
| 
| #define PACKAGE_NAME "XviD"
| #define PACKAGE_TARNAME "xvid"
| #define PACKAGE_VERSION "1.1.3"
| #define PACKAGE_STRING "XviD 1.1.3"
| #define PACKAGE_BUGREPORT "xvid-devel@xvid.org"
| #define STDC_HEADERS 1
| #define HAVE_SYS_TYPES_H 1
| #define HAVE_SYS_STAT_H 1
| #define HAVE_STDLIB_H 1
| #define HAVE_STRING_H 1
| #define HAVE_MEMORY_H 1
| #define HAVE_STRINGS_H 1
| #define HAVE_INTTYPES_H 1
| #define HAVE_STDINT_H 1
| #define HAVE_UNISTD_H 1
| /* end confdefs.h.  */
| #include <stdio.h>
| #if HAVE_SYS_TYPES_H
| # include <sys/types.h>
| #endif
| #if HAVE_SYS_STAT_H
| # include <sys/stat.h>
| #endif
| #if STDC_HEADERS
| # include <stdlib.h>
| # include <stddef.h>
| #else
| # if HAVE_STDLIB_H
| #  include <stdlib.h>
| # endif
| #endif
| #if HAVE_STRING_H
| # if !STDC_HEADERS && HAVE_MEMORY_H
| #  include <memory.h>
| # endif
| # include <string.h>
| #endif
| #if HAVE_STRINGS_H
| # include <strings.h>
| #endif
| #if HAVE_INTTYPES_H
| # include <inttypes.h>
| #else
| # if HAVE_STDINT_H
| #  include <stdint.h>
| # endif
| #endif
| #if HAVE_UNISTD_H
| # include <unistd.h>
| #endif
| int
| main ()
| {
| static int test_array [1 - 2 * !(((long) (sizeof (int *))) <= 0)];
| test_array [0] = 0
| 
|   ;
|   return 0;
| }
configure:3257: arm-none-linux-gnueabi-gcc -c -g -O2  conftest.c >&5
conftest.c: In function 'main':
conftest.c:56:12: error: size of array 'test_array' is negative
configure:3263: $? = 1
configure: failed program was:
| /* confdefs.h.  */
| 
| #define PACKAGE_NAME "XviD"
| #define PACKAGE_TARNAME "xvid"
| #define PACKAGE_VERSION "1.1.3"
| #define PACKAGE_STRING "XviD 1.1.3"
| #define PACKAGE_BUGREPORT "xvid-devel@xvid.org"
| #define STDC_HEADERS 1
| #define HAVE_SYS_TYPES_H 1
| #define HAVE_SYS_STAT_H 1
| #define HAVE_STDLIB_H 1
| #define HAVE_STRING_H 1
| #define HAVE_MEMORY_H 1
| #define HAVE_STRINGS_H 1
| #define HAVE_INTTYPES_H 1
| #define HAVE_STDINT_H 1
| #define HAVE_UNISTD_H 1
| /* end confdefs.h.  */
| #include <stdio.h>
| #if HAVE_SYS_TYPES_H
| # include <sys/types.h>
| #endif
| #if HAVE_SYS_STAT_H
| # include <sys/stat.h>
| #endif
| #if STDC_HEADERS
| # include <stdlib.h>
| # include <stddef.h>
| #else
| # if HAVE_STDLIB_H
| #  include <stdlib.h>
| # endif
| #endif
| #if HAVE_STRING_H
| # if !STDC_HEADERS && HAVE_MEMORY_H
| #  include <memory.h>
| # endif
| # include <string.h>
| #endif
| #if HAVE_STRINGS_H
| # include <strings.h>
| #endif
| #if HAVE_INTTYPES_H
| # include <inttypes.h>
| #else
| # if HAVE_STDINT_H
| #  include <stdint.h>
| # endif
| #endif
| #if HAVE_UNISTD_H
| # include <unistd.h>
| #endif
| int
| main ()
| {
| static int test_array [1 - 2 * !(((long) (sizeof (int *))) <= 1)];
| test_array [0] = 0
| 
|   ;
|   return 0;
| }
configure:3257: arm-none-linux-gnueabi-gcc -c -g -O2  conftest.c >&5
conftest.c: In function 'main':
conftest.c:56:12: error: size of array 'test_array' is negative
configure:3263: $? = 1
configure: failed program was:
| /* confdefs.h.  */
| 
| #define PACKAGE_NAME "XviD"
| #define PACKAGE_TARNAME "xvid"
| #define PACKAGE_VERSION "1.1.3"
| #define PACKAGE_STRING "XviD 1.1.3"
| #define PACKAGE_BUGREPORT "xvid-devel@xvid.org"
| #define STDC_HEADERS 1
| #define HAVE_SYS_TYPES_H 1
| #define HAVE_SYS_STAT_H 1
| #define HAVE_STDLIB_H 1
| #define HAVE_STRING_H 1
| #define HAVE_MEMORY_H 1
| #define HAVE_STRINGS_H 1
| #define HAVE_INTTYPES_H 1
| #define HAVE_STDINT_H 1
| #define HAVE_UNISTD_H 1
| /* end confdefs.h.  */
| #include <stdio.h>
| #if HAVE_SYS_TYPES_H
| # include <sys/types.h>
| #endif
| #if HAVE_SYS_STAT_H
| # include <sys/stat.h>
| #endif
| #if STDC_HEADERS
| # include <stdlib.h>
| # include <stddef.h>
| #else
| # if HAVE_STDLIB_H
| #  include <stdlib.h>
| # endif
| #endif
| #if HAVE_STRING_H
| # if !STDC_HEADERS && HAVE_MEMORY_H
| #  include <memory.h>
| # endif
| # include <string.h>
| #endif
| #if HAVE_STRINGS_H
| # include <strings.h>
| #endif
| #if HAVE_INTTYPES_H
| # include <inttypes.h>
| #else
| # if HAVE_STDINT_H
| #  include <stdint.h>
| # endif
| #endif
| #if HAVE_UNISTD_H
| # include <unistd.h>
| #endif
| int
| main ()
| {
| static int test_array [1 - 2 * !(((long) (sizeof (int *))) <= 3)];
| test_array [0] = 0
| 
|   ;
|   return 0;
| }
configure:3257: arm-none-linux-gnueabi-gcc -c -g -O2  conftest.c >&5
configure:3263: $? = 0
configure:3266: test -z 			 || test ! -s conftest.err
configure:3269: $? = 0
configure:3272: test -s conftest.o
configure:3275: $? = 0
configure:3417: arm-none-linux-gnueabi-gcc -c -g -O2  conftest.c >&5
configure:3423: $? = 0
configure:3426: test -z 			 || test ! -s conftest.err
configure:3429: $? = 0
configure:3432: test -s conftest.o
configure:3435: $? = 0
configure:3417: arm-none-linux-gnueabi-gcc -c -g -O2  conftest.c >&5
configure:3423: $? = 0
configure:3426: test -z 			 || test ! -s conftest.err
configure:3429: $? = 0
configure:3432: test -s conftest.o
configure:3435: $? = 0
configure:3530: result: 4
configure:3553: checking whether byte ordering is bigendian
configure:3580: arm-none-linux-gnueabi-gcc -c -g -O2  conftest.c >&5
configure:3586: $? = 0
configure:3589: test -z 			 || test ! -s conftest.err
configure:3592: $? = 0
configure:3595: test -s conftest.o
configure:3598: $? = 0
configure:3622: arm-none-linux-gnueabi-gcc -c -g -O2  conftest.c >&5
conftest.c: In function 'main':
conftest.c:27:2: error: unknown type name 'not'
conftest.c:27:10: error: expected '=', ',', ';', 'asm' or '__attribute__' before 'endian'
configure:3628: $? = 1
configure: failed program was:
| /* confdefs.h.  */
| 
| #define PACKAGE_NAME "XviD"
| #define PACKAGE_TARNAME "xvid"
| #define PACKAGE_VERSION "1.1.3"
| #define PACKAGE_STRING "XviD 1.1.3"
| #define PACKAGE_BUGREPORT "xvid-devel@xvid.org"
| #define STDC_HEADERS 1
| #define HAVE_SYS_TYPES_H 1
| #define HAVE_SYS_STAT_H 1
| #define HAVE_STDLIB_H 1
| #define HAVE_STRING_H 1
| #define HAVE_MEMORY_H 1
| #define HAVE_STRINGS_H 1
| #define HAVE_INTTYPES_H 1
| #define HAVE_STDINT_H 1
| #define HAVE_UNISTD_H 1
| #define SIZEOF_INT_P 4
| /* end confdefs.h.  */
| #include <sys/types.h>
| #include <sys/param.h>
| 
| int
| main ()
| {
| #if BYTE_ORDER != BIG_ENDIAN
|  not big endian
| #endif
| 
|   ;
|   return 0;
| }
configure:3761: result: no
configure:3778: checking for build extensions
configure:3785: result: .so .a .o
configure:3821: checking for platform specific LDFLAGS/CFLAGS
configure:3828: result: ok
configure:4192: checking stdio.h usability
configure:4204: arm-none-linux-gnueabi-gcc -c -g -O2  conftest.c >&5
configure:4210: $? = 0
configure:4213: test -z 			 || test ! -s conftest.err
configure:4216: $? = 0
configure:4219: test -s conftest.o
configure:4222: $? = 0
configure:4232: result: yes
configure:4236: checking stdio.h presence
configure:4246: arm-none-linux-gnueabi-gcc -E  conftest.c
configure:4252: $? = 0
configure:4272: result: yes
configure:4307: checking for stdio.h
configure:4314: result: yes
configure:4192: checking signal.h usability
configure:4204: arm-none-linux-gnueabi-gcc -c -g -O2  conftest.c >&5
configure:4210: $? = 0
configure:4213: test -z 			 || test ! -s conftest.err
configure:4216: $? = 0
configure:4219: test -s conftest.o
configure:4222: $? = 0
configure:4232: result: yes
configure:4236: checking signal.h presence
configure:4246: arm-none-linux-gnueabi-gcc -E  conftest.c
configure:4252: $? = 0
configure:4272: result: yes
configure:4307: checking for signal.h
configure:4314: result: yes
configure:4183: checking for stdlib.h
configure:4188: result: yes
configure:4183: checking for string.h
configure:4188: result: yes
configure:4192: checking assert.h usability
configure:4204: arm-none-linux-gnueabi-gcc -c -g -O2  conftest.c >&5
configure:4210: $? = 0
configure:4213: test -z 			 || test ! -s conftest.err
configure:4216: $? = 0
configure:4219: test -s conftest.o
configure:4222: $? = 0
configure:4232: result: yes
configure:4236: checking assert.h presence
configure:4246: arm-none-linux-gnueabi-gcc -E  conftest.c
configure:4252: $? = 0
configure:4272: result: yes
configure:4307: checking for assert.h
configure:4314: result: yes
configure:4192: checking math.h usability
configure:4204: arm-none-linux-gnueabi-gcc -c -g -O2  conftest.c >&5
configure:4210: $? = 0
configure:4213: test -z 			 || test ! -s conftest.err
configure:4216: $? = 0
configure:4219: test -s conftest.o
configure:4222: $? = 0
configure:4232: result: yes
configure:4236: checking math.h presence
configure:4246: arm-none-linux-gnueabi-gcc -E  conftest.c
configure:4252: $? = 0
configure:4272: result: yes
configure:4307: checking for math.h
configure:4314: result: yes
configure:4541: creating ./config.status

## ---------------------- ##
## Running config.status. ##
## ---------------------- ##

This file was extended by XviD config.status 1.1.3, which was
generated by GNU Autoconf 2.59.  Invocation command line was

  CONFIG_FILES    = 
  CONFIG_HEADERS  = 
  CONFIG_LINKS    = 
  CONFIG_COMMANDS = 
  $ ./config.status 

on tutor-virtual-machine

config.status:718: creating platform.inc

## ---------------- ##
## Cache variables. ##
## ---------------- ##

ac_cv_build=i686-pc-linux-gnu
ac_cv_build_alias=i686-pc-linux-gnu
ac_cv_c_bigendian=no
ac_cv_c_compiler_gnu=yes
ac_cv_env_CC_set=
ac_cv_env_CC_value=
ac_cv_env_CFLAGS_set=
ac_cv_env_CFLAGS_value=
ac_cv_env_CPPFLAGS_set=
ac_cv_env_CPPFLAGS_value=
ac_cv_env_CPP_set=
ac_cv_env_CPP_value=
ac_cv_env_LDFLAGS_set=
ac_cv_env_LDFLAGS_value=
ac_cv_env_build_alias_set=
ac_cv_env_build_alias_value=
ac_cv_env_host_alias_set=set
ac_cv_env_host_alias_value=arm-none-linux-gnueabi
ac_cv_env_target_alias_set=
ac_cv_env_target_alias_value=
ac_cv_exeext=
ac_cv_header_assert_h=yes
ac_cv_header_inttypes_h=yes
ac_cv_header_math_h=yes
ac_cv_header_memory_h=yes
ac_cv_header_signal_h=yes
ac_cv_header_stdc=yes
ac_cv_header_stdint_h=yes
ac_cv_header_stdio_h=yes
ac_cv_header_stdlib_h=yes
ac_cv_header_string_h=yes
ac_cv_header_strings_h=yes
ac_cv_header_sys_stat_h=yes
ac_cv_header_sys_types_h=yes
ac_cv_header_unistd_h=yes
ac_cv_host=arm-none-linux-gnueabi
ac_cv_host_alias=arm-none-linux-gnueabi
ac_cv_objext=o
ac_cv_path_install='/usr/bin/install -c'
ac_cv_prog_CC=arm-none-linux-gnueabi-gcc
ac_cv_prog_CPP='arm-none-linux-gnueabi-gcc -E'
ac_cv_prog_RANLIB=arm-none-linux-gnueabi-ranlib
ac_cv_prog_cc_g=yes
ac_cv_prog_cc_stdc=
ac_cv_prog_egrep='grep -E'
ac_cv_sizeof_int_p=4
ac_cv_target=arm-none-linux-gnueabi
ac_cv_target_alias=arm-none-linux-gnueabi
ac_cv_type_int_p=yes

## ----------------- ##
## Output variables. ##
## ----------------- ##

AFLAGS=''
API_MAJOR='4'
API_MINOR='1'
ARCHITECTURE='GENERIC'
AS=''
ASSEMBLY_EXTENSION=''
ASSEMBLY_SOURCES=''
BUS='32BIT'
CC='arm-none-linux-gnueabi-gcc'
CFLAGS='-Wall -O2 -fstrength-reduce -finline-functions -ffast-math -fomit-frame-pointer'
CPP='arm-none-linux-gnueabi-gcc -E'
CPPFLAGS=''
DCT_IA64_SOURCES=''
DEFS='-DPACKAGE_NAME=\"XviD\" -DPACKAGE_TARNAME=\"xvid\" -DPACKAGE_VERSION=\"1.1.3\" -DPACKAGE_STRING=\"XviD\ 1.1.3\" -DPACKAGE_BUGREPORT=\"xvid-devel@xvid.org\" -DSTDC_HEADERS=1 -DHAVE_SYS_TYPES_H=1 -DHAVE_SYS_STAT_H=1 -DHAVE_STDLIB_H=1 -DHAVE_STRING_H=1 -DHAVE_MEMORY_H=1 -DHAVE_STRINGS_H=1 -DHAVE_INTTYPES_H=1 -DHAVE_STDINT_H=1 -DHAVE_UNISTD_H=1 -DSIZEOF_INT_P=4 -DHAVE_STDIO_H=1 -DHAVE_SIGNAL_H=1 -DHAVE_STDLIB_H=1 -DHAVE_STRING_H=1 -DHAVE_ASSERT_H=1 -DHAVE_MATH_H=1 '
ECHO_C=''
ECHO_N='-n'
ECHO_T=''
EGREP='grep -E'
ENDIANNESS='LITTLE_ENDIAN'
EXEEXT=''
FEATURES=''
GENERIC_SOURCES='SRC_GENERIC'
INSTALL_DATA='${INSTALL} -m 644'
INSTALL_PROGRAM='${INSTALL}'
INSTALL_SCRIPT='${INSTALL}'
LDFLAGS=''
LIBOBJS=''
LIBS=''
LTLIBOBJS=''
NASM_FORMAT=''
OBJECT_EXTENSION='o'
OBJEXT='o'
PACKAGE_BUGREPORT='xvid-devel@xvid.org'
PACKAGE_NAME='XviD'
PACKAGE_STRING='XviD 1.1.3'
PACKAGE_TARNAME='xvid'
PACKAGE_VERSION='1.1.3'
PATH_SEPARATOR=':'
PPC_ALTIVEC_SOURCES=''
PRE_SHARED_LIB='libxvidcore.$(SHARED_EXTENSION).$(API_MAJOR).$(API_MINOR)'
RANLIB='arm-none-linux-gnueabi-ranlib'
SHARED_EXTENSION='so'
SHARED_LIB='libxvidcore.$(SHARED_EXTENSION).$(API_MAJOR).$(API_MINOR)'
SHELL='/bin/bash'
SPECIFIC_CFLAGS='-fPIC '
SPECIFIC_LDFLAGS='-Wl,-soname,libxvidcore.$(SHARED_EXTENSION).$(API_MAJOR) -shared -Wl,--version-script=libxvidcore.ld -lc -lm '
STATIC_EXTENSION='a'
STATIC_LIB='libxvidcore.$(STATIC_EXTENSION)'
ac_ct_CC=''
ac_ct_RANLIB=''
ac_nasm=''
ac_yasm=''
bindir='${exec_prefix}/bin'
build='i686-pc-linux-gnu'
build_alias=''
build_cpu='i686'
build_os='linux-gnu'
build_vendor='pc'
datadir='${prefix}/share'
exec_prefix='${prefix}'
host='arm-none-linux-gnueabi'
host_alias='arm-none-linux-gnueabi'
host_cpu='arm'
host_os='linux-gnueabi'
host_vendor='none'
includedir='${prefix}/include'
infodir='${prefix}/info'
libdir='${exec_prefix}/lib'
libexecdir='${exec_prefix}/libexec'
localstatedir='${prefix}/var'
mandir='${prefix}/man'
oldincludedir='/usr/include'
prefix='/home/teamviewer/video_recording_install'
program_transform_name='s,x,x,'
sbindir='${exec_prefix}/sbin'
sharedstatedir='${prefix}/com'
sysconfdir='${prefix}/etc'
target='arm-none-linux-gnueabi'
target_alias=''
target_cpu='arm'
target_os='linux-gnueabi'
target_vendor='none'

## ----------- ##
## confdefs.h. ##
## ----------- ##

#define HAVE_ASSERT_H 1
#define HAVE_INTTYPES_H 1
#define HAVE_MATH_H 1
#define HAVE_MEMORY_H 1
#define HAVE_SIGNAL_H 1
#define HAVE_STDINT_H 1
#define HAVE_STDIO_H 1
#define HAVE_STDLIB_H 1
#define HAVE_STDLIB_H 1
#define HAVE_STRINGS_H 1
#define HAVE_STRING_H 1
#define HAVE_STRING_H 1
#define HAVE_SYS_STAT_H 1
#define HAVE_SYS_TYPES_H 1
#define HAVE_UNISTD_H 1
#define PACKAGE_BUGREPORT "xvid-devel@xvid.org"
#define PACKAGE_NAME "XviD"
#define PACKAGE_STRING "XviD 1.1.3"
#define PACKAGE_TARNAME "xvid"
#define PACKAGE_VERSION "1.1.3"
#define SIZEOF_INT_P 4
#define STDC_HEADERS 1

configure: exit 0
